DEBUG:master:Берем карту из пути: images/cards/spades/12_of_spades
DEBUG:master:Пользователь хочет войти в аккаунт.
DEBUG:master:Пользователь прошел проверку аутентификации.
DEBUG:master:Вошли в аккаунт, показываем экран загрузки.
DEBUG:master:Игрок берет карту
DEBUG:master:Берем карту из пути: images/cards/hearts/13_of_hearts
DEBUG:master:Игрок берет карту
DEBUG:master:Берем карту из пути: images/cards/spades/2_of_spades
DEBUG:master:Игрок берет карту
DEBUG:master:Берем карту из пути: images/cards/clubs/14_of_clubs
DEBUG:master:Игрок берет карту
DEBUG:master:Берем карту из пути: images/cards/spades/6_of_spades
DEBUG:master:Очередь дилера
DEBUG:master:Берем карту из пути: images/cards/hearts/5_of_hearts
DEBUG:master:Берем карту из пути: images/cards/hearts/2_of_hearts
DEBUG:master:Берем карту из пути: images/cards/hearts/4_of_hearts
DEBUG:master:Берем карту из пути: images/cards/clubs/3_of_clubs
DEBUG:master:Игрок берет карту
DEBUG:master:Берем карту из пути: images/cards/clubs/12_of_clubs
DEBUG:master:Игрок берет карту
DEBUG:master:Берем карту из пути: images/cards/hearts/6_of_hearts
DEBUG:master:Игрок берет карту
DEBUG:master:Берем карту из пути: images/cards/diamonds/12_of_diamonds
DEBUG:master:Берем карту из пути: images/cards/spades/2_of_spades
DEBUG:master:Игрок берет карту
DEBUG:master:Берем карту из пути: images/cards/hearts/5_of_hearts
DEBUG:master:Игрок берет карту
DEBUG:master:Берем карту из пути: images/cards/diamonds/12_of_diamonds
DEBUG:master:Игрок берет карту
DEBUG:master:Берем карту из пути: images/cards/clubs/13_of_clubs
DEBUG:master:Берем карту из пути: images/cards/diamonds/11_of_diamonds
DEBUG:master:Игрок берет карту
DEBUG:master:Берем карту из пути: images/cards/clubs/2_of_clubs
DEBUG:master:Игрок берет карту
DEBUG:master:Берем карту из пути: images/cards/diamonds/12_of_diamonds
DEBUG:master:Игрок берет карту
DEBUG:master:Берем карту из пути: images/cards/diamonds/7_of_diamonds
DEBUG:master:Очередь дилера
DEBUG:master:Берем карту из пути: images/cards/clubs/6_of_clubs
DEBUG:master:Берем карту из пути: images/cards/spades/11_of_spades
DEBUG:master:Берем карту из пути: images/cards/hearts/8_of_hearts
DEBUG:master:Игрок берет карту
DEBUG:master:Берем карту из пути: images/cards/hearts/7_of_hearts
DEBUG:master:Игрок берет карту
DEBUG:master:Берем карту из пути: images/cards/spades/2_of_spades
DEBUG:master:Игрок берет карту
DEBUG:master:Берем карту из пути: images/cards/diamonds/13_of_diamonds
DEBUG:master:Очередь дилера
DEBUG:master:Берем карту из пути: images/cards/clubs/3_of_clubs
DEBUG:master:Берем карту из пути: images/cards/diamonds/4_of_diamonds
DEBUG:master:Берем карту из пути: images/cards/clubs/9_of_clubs
DEBUG:master:Берем карту из пути: images/cards/diamonds/8_of_diamonds
DEBUG:master:Игрок берет карту
DEBUG:master:Берем карту из пути: images/cards/hearts/4_of_hearts
DEBUG:master:Игрок берет карту
DEBUG:master:Берем карту из пути: images/cards/hearts/14_of_hearts
DEBUG:master:Игрок берет карту
DEBUG:master:Берем карту из пути: images/cards/diamonds/10_of_diamonds
DEBUG:master:Игрок берет карту
DEBUG:master:Берем карту из пути: images/cards/clubs/10_of_clubs
DEBUG:master:Берем карту из пути: images/cards/hearts/13_of_hearts
DEBUG:master:Игрок берет карту
DEBUG:master:Берем карту из пути: images/cards/spades/10_of_spades
DEBUG:master:Игрок берет карту
DEBUG:master:Берем карту из пути: images/cards/clubs/4_of_clubs
DEBUG:master:Игрок берет карту
DEBUG:master:Берем карту из пути: images/cards/diamonds/9_of_diamonds
DEBUG:master:Берем карту из пути: images/cards/diamonds/5_of_diamonds
DEBUG:master:Игрок берет карту
DEBUG:master:Берем карту из пути: images/cards/clubs/3_of_clubs
DEBUG:master:Игрок берет карту
DEBUG:master:Берем карту из пути: images/cards/clubs/7_of_clubs
DEBUG:master:Игрок берет карту
DEBUG:master:Берем карту из пути: images/cards/hearts/14_of_hearts
DEBUG:master:Очередь дилера
DEBUG:master:Берем карту из пути: images/cards/clubs/4_of_clubs
DEBUG:master:Берем карту из пути: images/cards/diamonds/9_of_diamonds
DEBUG:master:Берем карту из пути: images/cards/spades/10_of_spades
