DEBUG:master:Берем карту из пути: images/cards/hearts/14_of_hearts
DEBUG:master:Пользователь хочет войти в аккаунт.
DEBUG:master:Пользователь прошел проверку аутентификации.
DEBUG:master:Вошли в аккаунт, показываем экран загрузки.
DEBUG:master:Игрок берет карту
DEBUG:master:Берем карту из пути: images/cards/spades/14_of_spades
DEBUG:master:Игрок берет карту
DEBUG:master:Берем карту из пути: images/cards/diamonds/14_of_diamonds
DEBUG:master:Очередь дилера
DEBUG:master:Берем карту из пути: images/cards/clubs/14_of_clubs
DEBUG:master:Берем карту из пути: images/cards/hearts/2_of_hearts
DEBUG:master:Берем карту из пути: images/cards/spades/2_of_spades
DEBUG:master:Берем карту из пути: images/cards/diamonds/2_of_diamonds
DEBUG:master:Берем карту из пути: images/cards/hearts/14_of_hearts
DEBUG:master:Игрок берет карту
DEBUG:master:Берем карту из пути: images/cards/spades/14_of_spades
DEBUG:master:Игрок берет карту
DEBUG:master:Берем карту из пути: images/cards/diamonds/14_of_diamonds
DEBUG:master:Игрок берет карту
DEBUG:master:Берем карту из пути: images/cards/clubs/14_of_clubs
DEBUG:master:Игрок берет карту
DEBUG:master:Берем карту из пути: images/cards/hearts/2_of_hearts
DEBUG:master:Очередь дилера
DEBUG:master:Берем карту из пути: images/cards/spades/2_of_spades
DEBUG:master:Берем карту из пути: images/cards/diamonds/2_of_diamonds
DEBUG:master:Берем карту из пути: images/cards/clubs/2_of_clubs
DEBUG:master:Берем карту из пути: images/cards/hearts/14_of_hearts
